TN:
SF:src/Airdrop/Airdrop.sol
FN:20,Airdrop.setTraitToken
FNDA:32,Airdrop.setTraitToken
DA:21,32
FN:24,Airdrop.startAirdrop
FNDA:281,Airdrop.startAirdrop
DA:27,281
BRDA:27,0,0,-
BRDA:27,0,1,281
DA:28,281
BRDA:28,1,0,-
BRDA:28,1,1,281
DA:29,281
DA:30,281
DA:31,281
FN:34,Airdrop.airdropStarted
FNDA:95,Airdrop.airdropStarted
DA:35,95
FN:38,Airdrop.allowDaoFund
FNDA:1,Airdrop.allowDaoFund
DA:39,1
BRDA:39,2,0,-
BRDA:39,2,1,1
DA:40,1
BRDA:40,3,0,-
BRDA:40,3,1,1
DA:41,1
FN:44,Airdrop.daoFundAllowed
FNDA:3,Airdrop.daoFundAllowed
DA:45,3
FN:48,Airdrop.addUserAmount
FNDA:561,Airdrop.addUserAmount
DA:52,561
BRDA:52,4,0,-
BRDA:52,4,1,561
DA:53,561
DA:54,561
FN:57,Airdrop.subUserAmount
FNDA:1,Airdrop.subUserAmount
DA:61,1
BRDA:61,5,0,-
BRDA:61,5,1,1
DA:62,1
BRDA:62,6,0,-
BRDA:62,6,1,1
DA:63,1
DA:64,1
FN:67,Airdrop.claim
FNDA:525,Airdrop.claim
DA:68,525
BRDA:68,7,0,-
BRDA:68,7,1,525
DA:69,525
BRDA:69,8,0,2
BRDA:69,8,1,523
DA:71,523
DA:72,523
DA:73,523
FNF:8
FNH:8
LF:23
LH:23
BRF:18
BRH:10
end_of_record
TN:
SF:src/DAOFund/DAOFund.sol
FN:11,DAOFund.
FNDA:0,DAOFund.
DA:12,0
DA:13,0
FNF:1
FNH:0
LF:2
LH:0
BRF:0
BRH:0
end_of_record
TN:
SF:src/DevFund/DevFund.sol
FN:30,DevFund.addDev
FNDA:11,DevFund.addDev
DA:31,11
DA:32,11
BRDA:32,0,0,-
BRDA:32,0,1,11
DA:33,11
BRDA:33,1,0,-
BRDA:33,1,1,11
DA:34,11
DA:35,11
DA:36,11
DA:37,11
FN:40,DevFund.updateDev
FNDA:3,DevFund.updateDev
DA:41,3
DA:42,3
BRDA:42,2,0,-
BRDA:42,2,1,3
DA:43,3
BRDA:43,3,0,-
BRDA:43,3,1,3
DA:44,3
DA:45,3
DA:46,3
DA:47,3
DA:48,3
FN:51,DevFund.removeDev
FNDA:1,DevFund.removeDev
DA:52,1
DA:53,1
BRDA:53,4,0,-
BRDA:53,4,1,1
DA:54,1
DA:55,1
DA:56,1
DA:57,1
DA:58,1
FN:61,DevFund.claim
FNDA:3,DevFund.claim
DA:62,3
DA:64,3
DA:65,3
DA:68,3
BRDA:68,5,0,3
BRDA:68,5,1,3
DA:69,3
DA:70,3
DA:71,3
DA:74,3
FN:77,DevFund.pendingRewards
FNDA:4,DevFund.pendingRewards
DA:78,4
DA:79,4
DA:80,4
FN:83,DevFund.safeRewardTransfer
FNDA:3,DevFund.safeRewardTransfer
DA:87,3
DA:88,3
BRDA:88,6,0,-
BRDA:88,6,1,3
DA:89,3
DA:90,3
BRDA:90,7,0,-
BRDA:90,7,1,3
DA:91,3
FNF:6
FNH:6
LF:38
LH:38
BRF:16
BRH:9
end_of_record
TN:
SF:src/EntityForging/EntityForging.sol
FN:26,EntityForging.
FNDA:0,EntityForging.
DA:27,0
FN:31,EntityForging.setNukeFundAddress
FNDA:41,EntityForging.setNukeFundAddress
DA:34,41
FN:37,EntityForging.setTaxCut
FNDA:1,EntityForging.setTaxCut
DA:38,1
FN:41,EntityForging.setOneYearInDays
FNDA:2,EntityForging.setOneYearInDays
DA:42,2
FN:45,EntityForging.setMinimumListingFee
FNDA:1,EntityForging.setMinimumListingFee
DA:46,1
FN:49,EntityForging.fetchListings
FNDA:0,EntityForging.fetchListings
DA:50,0
DA:51,0
DA:52,0
FN:56,EntityForging.getListedTokenIds
FNDA:61,EntityForging.getListedTokenIds
DA:59,61
FN:62,EntityForging.getListings
FNDA:12,EntityForging.getListings
DA:65,12
FN:68,EntityForging.listForForging
FNDA:8,EntityForging.listForForging
DA:72,8
DA:73,8
BRDA:73,0,0,-
BRDA:73,0,1,8
DA:74,8
BRDA:74,1,0,-
BRDA:74,1,1,8
DA:79,8
BRDA:79,2,0,-
BRDA:79,2,1,8
DA:84,8
DA:86,8
DA:87,8
DA:88,8
BRDA:88,3,0,-
BRDA:88,3,1,8
DA:93,8
DA:94,8
BRDA:94,4,0,-
BRDA:94,4,1,8
DA:96,8
DA:97,8
DA:98,8
DA:100,8
FN:103,EntityForging.forgeWithListed
FNDA:7,EntityForging.forgeWithListed
DA:107,7
DA:108,7
BRDA:108,5,0,-
BRDA:108,5,1,7
DA:112,7
BRDA:112,6,0,-
BRDA:112,6,1,7
DA:116,7
BRDA:116,7,0,-
BRDA:116,7,1,7
DA:120,7
BRDA:120,8,0,-
BRDA:120,8,1,7
DA:126,7
DA:127,7
BRDA:127,9,0,-
BRDA:127,9,1,7
DA:129,7
DA:130,7
DA:134,7
DA:137,7
DA:138,7
BRDA:138,10,0,-
BRDA:138,10,1,7
DA:139,7
DA:140,7
DA:141,7
BRDA:141,11,0,-
BRDA:141,11,1,7
DA:147,7
DA:148,7
DA:149,7
DA:151,7
DA:158,7
DA:159,7
DA:162,7
DA:163,7
BRDA:163,12,0,-
BRDA:163,12,1,7
DA:164,7
DA:165,7
BRDA:165,13,0,-
BRDA:165,13,1,7
DA:168,7
DA:170,7
DA:172,7
DA:180,7
FN:183,EntityForging.cancelListingForForging
FNDA:1,EntityForging.cancelListingForForging
DA:186,1
BRDA:186,14,0,-
BRDA:186,14,1,1
DA:191,1
BRDA:191,15,0,-
BRDA:191,15,1,1
DA:196,1
FN:199,EntityForging._cancelListingForForging
FNDA:8,EntityForging._cancelListingForForging
DA:200,8
DA:202,8
FN:205,EntityForging._resetForgingCountIfNeeded
FNDA:22,EntityForging._resetForgingCountIfNeeded
DA:206,22
DA:207,22
BRDA:207,16,0,10
BRDA:207,16,1,12
DA:208,10
DA:209,12
BRDA:209,17,0,7
BRDA:209,17,1,12
DA:210,7
DA:211,7
FNF:13
FNH:11
LF:64
LH:60
BRF:36
BRH:20
end_of_record
TN:
SF:src/EntityTrading/EntityTrading.sol
FN:22,EntityTrading.
FNDA:0,EntityTrading.
DA:23,0
FN:27,EntityTrading.setNukeFundAddress
FNDA:31,EntityTrading.setNukeFundAddress
DA:30,31
FN:33,EntityTrading.setTaxCut
FNDA:1,EntityTrading.setTaxCut
DA:34,1
FN:38,EntityTrading.listNFTForSale
FNDA:9,EntityTrading.listNFTForSale
DA:42,9
BRDA:42,0,0,1
BRDA:42,0,1,8
DA:43,8
BRDA:43,1,0,1
BRDA:43,1,1,7
DA:47,7
BRDA:47,2,0,1
BRDA:47,2,1,6
DA:53,6
DA:55,6
DA:56,6
DA:57,6
DA:59,6
FN:63,EntityTrading.buyNFT
FNDA:4,EntityTrading.buyNFT
DA:64,4
DA:65,4
BRDA:65,3,0,1
BRDA:65,3,1,3
DA:69,3
BRDA:69,4,0,2
BRDA:69,4,1,1
DA:72,1
DA:73,1
DA:74,1
DA:77,1
DA:80,1
BRDA:80,5,0,-
BRDA:80,5,1,1
DA:81,1
DA:83,1
DA:85,1
FN:94,EntityTrading.cancelListing
FNDA:2,EntityTrading.cancelListing
DA:95,2
DA:98,2
BRDA:98,6,0,1
BRDA:98,6,1,1
DA:102,1
BRDA:102,7,0,-
BRDA:102,7,1,1
DA:104,1
DA:106,1
DA:108,1
FN:112,EntityTrading.transferToNukeFund
FNDA:1,EntityTrading.transferToNukeFund
DA:113,1
BRDA:113,8,0,-
BRDA:113,8,1,1
DA:114,1
DA:115,1
BRDA:115,9,0,-
BRDA:115,9,1,1
DA:116,1
FNF:7
FNH:6
LF:32
LH:31
BRF:20
BRH:16
end_of_record
TN:
SF:src/EntropyGenerator/EntropyGenerator.sol
FN:25,EntropyGenerator.onlyAllowedCaller
FNDA:0,EntropyGenerator.onlyAllowedCaller
DA:26,0
BRDA:26,0,0,-
BRDA:26,0,1,-
FN:30,EntropyGenerator.
FNDA:0,EntropyGenerator.
DA:31,0
DA:32,0
FN:36,EntropyGenerator.setAllowedCaller
FNDA:0,EntropyGenerator.setAllowedCaller
DA:37,0
DA:38,0
FN:42,EntropyGenerator.getAllowedCaller
FNDA:0,EntropyGenerator.getAllowedCaller
DA:43,0
FN:47,EntropyGenerator.writeEntropyBatch1
FNDA:0,EntropyGenerator.writeEntropyBatch1
DA:48,0
BRDA:48,1,0,-
BRDA:48,1,1,-
DA:50,0
DA:52,0
DA:53,0
DA:55,0
DA:56,0
BRDA:56,2,0,-
BRDA:56,2,1,-
DA:57,0
DA:60,0
FN:64,EntropyGenerator.writeEntropyBatch2
FNDA:0,EntropyGenerator.writeEntropyBatch2
DA:65,0
BRDA:65,3,0,-
BRDA:65,3,1,-
DA:70,0
DA:72,0
DA:73,0
DA:75,0
DA:76,0
BRDA:76,4,0,-
BRDA:76,4,1,-
DA:77,0
DA:80,0
FN:84,EntropyGenerator.writeEntropyBatch3
FNDA:0,EntropyGenerator.writeEntropyBatch3
DA:85,0
BRDA:85,5,0,-
BRDA:85,5,1,-
DA:90,0
DA:91,0
DA:93,0
DA:94,0
DA:97,0
FN:101,EntropyGenerator.getNextEntropy
FNDA:0,EntropyGenerator.getNextEntropy
DA:102,0
BRDA:102,6,0,-
BRDA:102,6,1,-
DA:103,0
DA:105,0
BRDA:105,7,0,-
BRDA:105,7,1,-
DA:106,0
DA:107,0
BRDA:107,8,0,-
BRDA:107,8,1,-
DA:108,0
DA:110,0
DA:113,0
DA:117,0
DA:119,0
FN:123,EntropyGenerator.getPublicEntropy
FNDA:0,EntropyGenerator.getPublicEntropy
DA:127,0
FN:131,EntropyGenerator.getLastInitializedIndex
FNDA:0,EntropyGenerator.getLastInitializedIndex
DA:132,0
FN:136,EntropyGenerator.deriveTokenParameters
FNDA:0,EntropyGenerator.deriveTokenParameters
DA:149,0
DA:152,0
DA:153,0
DA:154,0
DA:157,0
DA:158,0
DA:160,0
FN:164,EntropyGenerator.getEntropy
FNDA:0,EntropyGenerator.getEntropy
DA:168,0
BRDA:168,9,0,-
BRDA:168,9,1,-
DA:171,0
DA:172,0
BRDA:170,10,0,-
BRDA:170,10,1,-
DA:174,0
DA:177,0
DA:178,0
BRDA:178,11,0,-
BRDA:178,11,1,-
DA:180,0
DA:181,0
DA:182,0
DA:184,0
FN:188,EntropyGenerator.numberOfDigits
FNDA:0,EntropyGenerator.numberOfDigits
DA:189,0
DA:190,0
DA:191,0
DA:192,0
DA:194,0
FN:198,EntropyGenerator.getFirstDigit
FNDA:0,EntropyGenerator.getFirstDigit
DA:199,0
DA:200,0
DA:202,0
FN:206,EntropyGenerator.initializeAlphaIndices
FNDA:0,EntropyGenerator.initializeAlphaIndices
DA:207,0
DA:211,0
DA:212,0
DA:214,0
DA:215,0
FNF:15
FNH:0
LF:70
LH:0
BRF:24
BRH:0
end_of_record
TN:
SF:src/NukeFund/NukeFund.sol
FN:27,NukeFund.
FNDA:0,NukeFund.
DA:33,0
DA:34,0
DA:35,0
DA:36,0
FN:63,NukeFund.setTaxCut
FNDA:0,NukeFund.setTaxCut
DA:64,0
FN:67,NukeFund.setMinimumDaysHeld
FNDA:0,NukeFund.setMinimumDaysHeld
DA:68,0
FN:71,NukeFund.setDefaultNukeFactorIncrease
FNDA:0,NukeFund.setDefaultNukeFactorIncrease
DA:72,0
FN:75,NukeFund.setMaxAllowedClaimDivisor
FNDA:0,NukeFund.setMaxAllowedClaimDivisor
DA:76,0
FN:79,NukeFund.setNukeFactorMaxParam
FNDA:0,NukeFund.setNukeFactorMaxParam
DA:80,0
FN:84,NukeFund.setTraitForgeNftContract
FNDA:0,NukeFund.setTraitForgeNftContract
DA:85,0
DA:86,0
FN:89,NukeFund.setAirdropContract
FNDA:30,NukeFund.setAirdropContract
DA:90,30
DA:91,30
FN:94,NukeFund.setDevAddress
FNDA:0,NukeFund.setDevAddress
DA:95,0
DA:96,0
FN:99,NukeFund.setDaoAddress
FNDA:0,NukeFund.setDaoAddress
DA:100,0
DA:101,0
FN:105,NukeFund.getFundBalance
FNDA:0,NukeFund.getFundBalance
DA:106,0
FN:109,NukeFund.setAgeMultplier
FNDA:0,NukeFund.setAgeMultplier
DA:110,0
FN:113,NukeFund.getAgeMultiplier
FNDA:0,NukeFund.getAgeMultiplier
DA:114,0
FN:118,NukeFund.calculateAge
FNDA:0,NukeFund.calculateAge
DA:119,0
BRDA:119,0,0,-
BRDA:119,0,1,-
DA:121,0
DA:126,0
DA:128,0
DA:132,0
FN:136,NukeFund.calculateNukeFactor
FNDA:0,NukeFund.calculateNukeFactor
DA:137,0
BRDA:137,1,0,-
BRDA:137,1,1,-
DA:142,0
DA:143,0
DA:145,0
DA:147,0
DA:150,0
FN:153,NukeFund.nuke
FNDA:0,NukeFund.nuke
DA:154,0
BRDA:154,2,0,-
BRDA:154,2,1,-
DA:158,0
BRDA:158,3,0,-
BRDA:158,3,1,-
DA:163,0
BRDA:163,4,0,-
BRDA:163,4,1,-
DA:165,0
DA:166,0
DA:167,0
DA:170,0
DA:174,0
DA:176,0
DA:177,0
DA:178,0
BRDA:178,5,0,-
BRDA:178,5,1,-
DA:180,0
DA:181,0
FN:184,NukeFund.canTokenBeNuked
FNDA:0,NukeFund.canTokenBeNuked
DA:186,0
BRDA:186,6,0,-
BRDA:186,6,1,-
DA:190,0
DA:191,0
DA:193,0
FNF:17
FNH:1
LF:48
LH:2
BRF:14
BRH:0
end_of_record
TN:
SF:src/Trait/Trait.sol
FN:10,Trait.
FNDA:270,Trait.
DA:16,150
DA:17,150
FN:20,Trait.decimals
FNDA:0,Trait.decimals
DA:21,0
FN:24,Trait.burn
FNDA:0,Trait.burn
DA:25,0
DA:26,0
FNF:3
FNH:1
LF:5
LH:2
BRF:0
BRH:0
end_of_record
TN:
SF:src/TraitForgeNft/TraitForgeNft.sol
FN:51,TraitForgeNft.onlyWhitelisted
FNDA:0,TraitForgeNft.onlyWhitelisted
DA:52,0
BRDA:52,0,0,-
BRDA:52,0,1,-
FN:58,TraitForgeNft.
FNDA:0,TraitForgeNft.
DA:59,0
FN:63,TraitForgeNft.setNukeFundContract
FNDA:0,TraitForgeNft.setNukeFundContract
DA:66,0
DA:67,0
FN:71,TraitForgeNft.setEntityForgingContract
FNDA:35,TraitForgeNft.setEntityForgingContract
DA:74,35
BRDA:74,1,0,-
BRDA:74,1,1,35
DA:76,35
FN:79,TraitForgeNft.setEntropyGenerator
FNDA:17,TraitForgeNft.setEntropyGenerator
DA:82,17
BRDA:82,2,0,-
BRDA:82,2,1,17
DA:84,17
FN:87,TraitForgeNft.setAirdropContract
FNDA:30,TraitForgeNft.setAirdropContract
DA:88,30
BRDA:88,3,0,-
BRDA:88,3,1,30
DA:90,30
FN:93,TraitForgeNft.startAirdrop
FNDA:0,TraitForgeNft.startAirdrop
DA:94,0
FN:97,TraitForgeNft.setStartPrice
FNDA:0,TraitForgeNft.setStartPrice
DA:98,0
FN:101,TraitForgeNft.setPriceIncrement
FNDA:0,TraitForgeNft.setPriceIncrement
DA:102,0
FN:105,TraitForgeNft.setPriceIncrementByGen
FNDA:0,TraitForgeNft.setPriceIncrementByGen
DA:108,0
FN:111,TraitForgeNft.setMaxGeneration
FNDA:0,TraitForgeNft.setMaxGeneration
DA:112,0
BRDA:112,4,0,-
BRDA:112,4,1,-
DA:116,0
FN:119,TraitForgeNft.setRootHash
FNDA:10,TraitForgeNft.setRootHash
DA:120,10
FN:123,TraitForgeNft.setWhitelistEndTime
FNDA:0,TraitForgeNft.setWhitelistEndTime
DA:124,0
FN:127,TraitForgeNft.getGeneration
FNDA:32,TraitForgeNft.getGeneration
DA:128,32
FN:131,TraitForgeNft.isApprovedOrOwner
FNDA:0,TraitForgeNft.isApprovedOrOwner
DA:135,0
FN:138,TraitForgeNft.burn
FNDA:0,TraitForgeNft.burn
DA:139,0
BRDA:139,5,0,-
BRDA:139,5,1,-
DA:143,0
BRDA:143,6,0,-
BRDA:143,6,1,-
DA:144,0
DA:145,0
DA:147,0
FN:150,TraitForgeNft.forge
FNDA:7,TraitForgeNft.forge
DA:156,7
BRDA:156,7,0,-
BRDA:156,7,1,7
DA:160,7
DA:163,7
BRDA:163,8,0,-
BRDA:163,8,1,7
DA:166,7
DA:170,7
DA:173,7
DA:175,7
FN:178,TraitForgeNft.mintToken
FNDA:34,TraitForgeNft.mintToken
DA:187,34
DA:188,34
BRDA:188,9,0,-
BRDA:188,9,1,34
DA:190,34
DA:192,34
DA:193,34
BRDA:193,10,0,-
BRDA:193,10,1,-
DA:194,0
DA:195,0
BRDA:195,11,0,-
BRDA:195,11,1,-
FN:199,TraitForgeNft.mintWithBudget
FNDA:0,TraitForgeNft.mintWithBudget
DA:208,0
DA:209,0
DA:210,0
DA:212,0
DA:213,0
DA:214,0
DA:215,0
DA:216,0
DA:218,0
BRDA:218,12,0,-
BRDA:218,12,1,-
DA:219,0
DA:220,0
BRDA:220,13,0,-
BRDA:220,13,1,-
FN:224,TraitForgeNft.calculateMintPrice
FNDA:34,TraitForgeNft.calculateMintPrice
DA:225,68
DA:226,68
DA:227,68
DA:228,68
FN:231,TraitForgeNft.getTokenEntropy
FNDA:22,TraitForgeNft.getTokenEntropy
DA:232,36
BRDA:232,14,0,-
BRDA:232,14,1,36
DA:236,36
FN:239,TraitForgeNft.getTokenGeneration
FNDA:17,TraitForgeNft.getTokenGeneration
DA:240,24
FN:243,TraitForgeNft.getEntropiesForTokens
FNDA:0,TraitForgeNft.getEntropiesForTokens
DA:247,7
DA:248,7
FN:251,TraitForgeNft.getTokenLastTransferredTimestamp
FNDA:0,TraitForgeNft.getTokenLastTransferredTimestamp
DA:254,0
BRDA:254,15,0,-
BRDA:254,15,1,-
DA:258,0
FN:261,TraitForgeNft.getTokenCreationTimestamp
FNDA:0,TraitForgeNft.getTokenCreationTimestamp
DA:264,0
BRDA:264,16,0,-
BRDA:264,16,1,-
DA:268,0
FN:271,TraitForgeNft.isForger
FNDA:0,TraitForgeNft.isForger
DA:272,0
DA:273,0
DA:274,0
FN:277,TraitForgeNft._mintInternal
FNDA:34,TraitForgeNft._mintInternal
DA:278,34
BRDA:278,17,0,-
BRDA:278,17,1,34
DA:279,0
DA:282,34
DA:283,34
DA:284,34
DA:285,34
DA:287,34
DA:288,34
DA:289,34
DA:290,34
DA:291,34
DA:293,34
BRDA:293,18,0,-
BRDA:293,18,1,-
DA:294,0
DA:297,34
DA:305,34
FN:308,TraitForgeNft._mintNewEntity
FNDA:7,TraitForgeNft._mintNewEntity
DA:313,7
BRDA:313,19,0,-
BRDA:313,19,1,7
DA:318,7
DA:319,7
DA:320,7
DA:322,7
DA:323,7
DA:324,7
DA:325,7
DA:326,7
DA:329,7
BRDA:328,20,0,-
BRDA:328,20,1,7
DA:331,0
DA:334,7
BRDA:334,21,0,-
BRDA:334,21,1,-
DA:335,0
DA:338,7
DA:339,7
FN:342,TraitForgeNft._incrementGeneration
FNDA:0,TraitForgeNft._incrementGeneration
DA:343,0
BRDA:343,22,0,-
BRDA:343,22,1,-
DA:347,0
DA:348,0
DA:349,0
DA:350,0
DA:351,0
FN:355,TraitForgeNft._distributeFunds
FNDA:34,TraitForgeNft._distributeFunds
DA:356,34
BRDA:356,23,0,-
BRDA:356,23,1,34
DA:358,34
DA:359,34
BRDA:359,24,0,-
BRDA:359,24,1,34
DA:361,34
FN:364,TraitForgeNft._beforeTokenTransfer
FNDA:49,TraitForgeNft._beforeTokenTransfer
DA:370,49
DA:372,49
DA:374,49
BRDA:374,25,0,49
BRDA:374,25,1,49
DA:375,49
DA:378,49
BRDA:378,26,0,-
BRDA:378,26,1,-
DA:379,0
DA:383,0
DA:384,0
BRDA:382,27,0,-
BRDA:382,27,1,-
DA:387,0
DA:391,49
BRDA:391,28,0,-
BRDA:391,28,1,49
FNF:31
FNH:14
LF:116
LH:65
BRF:58
BRH:15
end_of_record
TN:
SF:src/test/TestERC721.sol
FN:9,TestERC721.
FNDA:0,TestERC721.
FN:11,TestERC721.mintToken
FNDA:0,TestERC721.mintToken
DA:12,0
DA:13,0
FNF:2
FNH:0
LF:2
LH:0
BRF:0
BRH:0
end_of_record
